Vivado Simulator 2020.2
Copyright 1986-1999, 2001-2020 Xilinx, Inc. All Rights Reserved.
Running: D:/Vivado/Vivado/2020.2/bin/unwrapped/win64.o/xelab.exe -wto ea40e27c11504479b3fc12bc41875ea6 --incr --debug typical --relax --mt 2 -L xil_defaultlib -L secureip --snapshot tb_door_lock_core_behav xil_defaultlib.tb_door_lock_core -log elaborate.log 
Using 2 slave threads.
Starting static elaboration
Completed static elaboration
Starting simulation data flow analysis
Completed simulation data flow analysis
Time Resolution for simulation is 1ps
Compiling package std.standard
Compiling package std.textio
Compiling package ieee.std_logic_1164
Compiling package ieee.numeric_std
Compiling architecture behavioral of entity xil_defaultlib.clock_enable [clock_enable_default]
Compiling architecture behavioral of entity xil_defaultlib.clock_enable [\clock_enable(g_max=400000)\]
Compiling architecture behavioral of entity xil_defaultlib.cnt_up_down [\cnt_up_down(g_cnt_width=2)\]
Compiling architecture behavioral of entity xil_defaultlib.hex_7_seg [hex_7_seg_default]
Compiling architecture behavioral of entity xil_defaultlib.driver_7seg_4digits [driver_7seg_4digits_default]
Compiling architecture behavioral of entity xil_defaultlib.door_lock_core [door_lock_core_default]
Compiling architecture testbench of entity xil_defaultlib.tb_door_lock_core
Built simulation snapshot tb_door_lock_core_behav
